<?xml version="1.0" encoding="UTF-8"?>
<!-- Generated by org.testng.reporters.JUnitXMLReporter -->
<testsuite ignored="0" hostname="MSDT103" failures="0" tests="4" name="Default test" time="0.09" errors="0" timestamp="2022-02-01T20:24:03 IST">
  <testcase classname="PractiseOfTestNg.GroupsDemo" name="loginData" time="0.01"/>
  <testcase classname="PractiseOfTestNg.GroupsDemo" name="loginData1" time="0.001"/>
  <testcase classname="PractiseOfTestNg.GroupsDemo" name="logOutData" time="0.005"/>
  <testcase classname="PractiseOfTestNg.GroupsDemo" name="logOutData1" time="0.002"/>
</testsuite> <!-- Default test -->
