<?xml version="1.0" encoding="UTF-8"?>
<!-- Generated by org.testng.reporters.JUnitXMLReporter -->
<testsuite ignored="1" hostname="MSDT103" failures="0" tests="2" name="Group B" time="0.066" errors="0" timestamp="2022-02-01T20:35:17 IST">
  <testcase classname="PractiseOfTestNg.Groups" name="testcase2" time="0.011"/>
  <testcase classname="PractiseOfTestNg.Groups" name="testcase3" time="0.002"/>
  <testcase classname="PractiseOfTestNg.Groups" name="testcase1" time="0.0">
    <ignored/>
  </testcase> <!-- testcase1 -->
</testsuite> <!-- Group B -->
