<?xml version="1.0" encoding="UTF-8"?>
<!-- Generated by org.testng.reporters.JUnitXMLReporter -->
<testsuite ignored="3" hostname="MSDT103" failures="0" tests="1" name="Test" time="0.099" errors="0" timestamp="2022-02-01T20:23:30 IST">
  <testcase classname="PractiseOfTestNg.GroupsDemo" name="loginData" time="0.018"/>
  <testcase classname="PractiseOfTestNg.GroupsDemo" name="logOutData" time="0.0">
    <ignored/>
  </testcase> <!-- logOutData -->
  <testcase classname="PractiseOfTestNg.GroupsDemo" name="loginData1" time="0.0">
    <ignored/>
  </testcase> <!-- loginData1 -->
  <testcase classname="PractiseOfTestNg.GroupsDemo" name="logOutData1" time="0.0">
    <ignored/>
  </testcase> <!-- logOutData1 -->
</testsuite> <!-- Test -->
