<?xml version="1.0" encoding="UTF-8"?>
<testng-results ignored="1" total="3" passed="2" failed="0" skipped="0">
  <reporter-output>
  </reporter-output>
  <suite started-at="2022-02-01T20:35:17 IST" name="Suite" finished-at="2022-02-01T20:35:17 IST" duration-ms="189">
    <groups>
      <group name="Group B">
        <method signature="Groups.testcase2()[pri:0, instance:PractiseOfTestNg.Groups@294425a7]" name="testcase2" class="PractiseOfTestNg.Groups"/>
        <method signature="Groups.testcase3()[pri:0, instance:PractiseOfTestNg.Groups@294425a7]" name="testcase3" class="PractiseOfTestNg.Groups"/>
      </group> <!-- Group B -->
      <group name="Group A">
        <method signature="Groups.testcase2()[pri:0, instance:PractiseOfTestNg.Groups@294425a7]" name="testcase2" class="PractiseOfTestNg.Groups"/>
      </group> <!-- Group A -->
    </groups>
    <test started-at="2022-02-01T20:35:17 IST" name="Group A" finished-at="2022-02-01T20:35:17 IST" duration-ms="14">
    </test> <!-- Group A -->
    <test started-at="2022-02-01T20:35:17 IST" name="Group B" finished-at="2022-02-01T20:35:17 IST" duration-ms="66">
      <class name="PractiseOfTestNg.Groups">
        <test-method signature="testcase2()[pri:0, instance:PractiseOfTestNg.Groups@294425a7]" started-at="2022-02-01T20:35:17 IST" name="testcase2" finished-at="2022-02-01T20:35:17 IST" duration-ms="11" status="PASS">
          <reporter-output>
          </reporter-output>
        </test-method> <!-- testcase2 -->
        <test-method signature="testcase3()[pri:0, instance:PractiseOfTestNg.Groups@294425a7]" started-at="2022-02-01T20:35:17 IST" name="testcase3" finished-at="2022-02-01T20:35:17 IST" duration-ms="2" status="PASS">
          <reporter-output>
          </reporter-output>
        </test-method> <!-- testcase3 -->
      </class> <!-- PractiseOfTestNg.Groups -->
    </test> <!-- Group B -->
  </suite> <!-- Suite -->
</testng-results>
